<?xml version="1.0" encoding="UTF-8"?>
<!-- Generated by org.testng.reporters.JUnitReportReporter -->
<testsuite hostname="DESKTOP-NJ97IE9" failures="0" tests="2" name="Demo.TestNGAnnotation2" time="0.005" errors="0" timestamp="2024-08-13T17:45:39 IST" skipped="0">
  <testcase classname="Demo.TestNGAnnotation2" name="testMethod4" time="0.003"/>
  <testcase classname="Demo.TestNGAnnotation2" name="testMethod5" time="0.002"/>
</testsuite> <!-- Demo.TestNGAnnotation2 -->
