<?xml version="1.0" encoding="UTF-8"?>
<!-- Generated by org.testng.reporters.JUnitReportReporter -->
<testsuite hostname="DESKTOP-NJ97IE9" failures="0" tests="2" name="Demo.AssertionExample" time="7.883" errors="0" timestamp="2024-09-18T16:29:26 IST" skipped="0">
  <testcase classname="Demo.AssertionExample" name="verifyGoogleImageIsDisplayed" time="5.520"/>
  <testcase classname="Demo.AssertionExample" name="verifyPageTitle" time="2.363"/>
</testsuite> <!-- Demo.AssertionExample -->
