<?xml version="1.0" encoding="UTF-8"?>
<!-- Generated by org.testng.reporters.JUnitReportReporter -->
<testsuite hostname="DESKTOP-NJ97IE9" failures="0" tests="2" name="Demo.ParallelTest" time="9.038" errors="0" timestamp="2024-09-11T14:30:52 IST" skipped="0">
  <testcase classname="Demo.ParallelTest" name="method1" time="6.013"/>
  <testcase classname="Demo.ParallelTest" name="method2" time="3.025"/>
</testsuite> <!-- Demo.ParallelTest -->
