<?xml version="1.0" encoding="UTF-8"?>
<!-- Generated by org.testng.reporters.JUnitReportReporter -->
<testsuite hostname="DESKTOP-NJ97IE9" failures="0" tests="1" name="ParallelExecution.FireFoxTestClass" time="17.513" errors="0" timestamp="2024-09-11T16:26:57 IST" skipped="0">
  <testcase classname="ParallelExecution.FireFoxTestClass" name="FireFoxTest" time="17.513"/>
</testsuite> <!-- ParallelExecution.FireFoxTestClass -->
