<?xml version="1.0" encoding="UTF-8"?>
<!-- Generated by org.testng.reporters.JUnitReportReporter -->
<testsuite hostname="DESKTOP-NJ97IE9" failures="0" tests="3" name="Demo.PriorityDemo" time="0.012" errors="0" timestamp="2024-08-16T14:33:28 IST" skipped="2">
  <testcase classname="Demo.PriorityDemo" name="OpenBrowser" time="0.012"/>
  <testcase classname="Demo.PriorityDemo" name="CloseBrowser">
    <skipped/>
  </testcase> <!-- CloseBrowser -->
  <testcase classname="Demo.PriorityDemo" name="Account">
    <skipped/>
  </testcase> <!-- Account -->
</testsuite> <!-- Demo.PriorityDemo -->
