<?xml version="1.0" encoding="UTF-8"?>
<!-- Generated by org.testng.reporters.JUnitReportReporter -->
<testsuite hostname="DESKTOP-NJ97IE9" failures="0" tests="4" name="Demo.DataProviderDemo" time="0.014" errors="0" timestamp="2024-09-10T16:13:59 IST" skipped="0">
  <testcase classname="Demo.DataProviderDemo" name="add" time="0.001"/>
  <testcase classname="Demo.DataProviderDemo" name="add" time="0.001"/>
  <testcase classname="Demo.DataProviderDemo" name="add" time="0.001"/>
  <testcase classname="Demo.DataProviderDemo" name="add" time="0.011"/>
</testsuite> <!-- Demo.DataProviderDemo -->
