<?xml version="1.0" encoding="UTF-8"?>
<!-- Generated by org.testng.reporters.JUnitReportReporter -->
<testsuite hostname="DESKTOP-NJ97IE9" failures="0" tests="1" name="Demo.ParametersDemo" time="0.015" errors="0" timestamp="2024-09-10T12:52:47 IST" skipped="0">
  <testcase classname="Demo.ParametersDemo" name="add" time="0.015"/>
</testsuite> <!-- Demo.ParametersDemo -->
