<?xml version="1.0" encoding="UTF-8"?>
<!-- Generated by org.testng.reporters.JUnitReportReporter -->
<testsuite hostname="DESKTOP-NJ97IE9" failures="0" tests="2" name="Demo.TestNGAnnotation" time="0.012" errors="0" timestamp="2024-08-12T17:05:54 IST" skipped="0">
  <testcase classname="Demo.TestNGAnnotation" name="testMethod1" time="0.011"/>
  <testcase classname="Demo.TestNGAnnotation" name="testMethod2" time="0.001"/>
</testsuite> <!-- Demo.TestNGAnnotation -->
