<?xml version="1.0" encoding="UTF-8"?>
<!-- Generated by org.testng.reporters.JUnitReportReporter -->
<testsuite hostname="DESKTOP-NJ97IE9" failures="0" tests="3" name="Demo.Personal_loan" time="0.014" errors="0" timestamp="2024-08-22T15:32:44 IST" skipped="0">
  <testcase classname="Demo.Personal_loan" name="APILoginPersonalLoan" time="0.011"/>
  <testcase classname="Demo.Personal_loan" name="MobileLoginPersonalLoan" time="0.001"/>
  <testcase classname="Demo.Personal_loan" name="WebLoginPersonalLoan" time="0.002"/>
</testsuite> <!-- Demo.Personal_loan -->
