<?xml version="1.0" encoding="UTF-8"?>
<!-- Generated by org.testng.reporters.JUnitReportReporter -->
<testsuite hostname="DESKTOP-NJ97IE9" failures="0" tests="6" name="Demo.GroupDemo" time="0.023" errors="0" timestamp="2024-09-04T12:37:00 IST" skipped="0">
  <testcase classname="Demo.GroupDemo" name="test2" time="0.001"/>
  <testcase classname="Demo.GroupDemo" name="test6" time="0.002"/>
  <testcase classname="Demo.GroupDemo" name="test4" time="0.002"/>
  <testcase classname="Demo.GroupDemo" name="test5" time="0.006"/>
  <testcase classname="Demo.GroupDemo" name="test3" time="0.002"/>
  <testcase classname="Demo.GroupDemo" name="test1" time="0.010"/>
</testsuite> <!-- Demo.GroupDemo -->
