<?xml version="1.0" encoding="UTF-8"?>
<!-- Generated by org.testng.reporters.JUnitReportReporter -->
<testsuite hostname="DESKTOP-NJ97IE9" failures="0" tests="4" name="Demo.AssertionExample" time="0.113" errors="0" timestamp="2024-09-09T16:39:54 IST" skipped="0">
  <testcase classname="Demo.AssertionExample" name="verifyPageTitle" time="0.008"/>
  <testcase classname="Demo.AssertionExample" name="verifyPageTitle" time="0.011"/>
  <testcase classname="Demo.AssertionExample" name="verifyGoogleImageIsDisplayed" time="0.057"/>
  <testcase classname="Demo.AssertionExample" name="verifyGoogleImageIsDisplayed" time="0.037"/>
</testsuite> <!-- Demo.AssertionExample -->
