<?xml version="1.0" encoding="UTF-8"?>
<!-- Generated by org.testng.reporters.JUnitReportReporter -->
<testsuite hostname="DESKTOP-NJ97IE9" failures="0" tests="3" name="Demo.SecondTestClass" time="0.013" errors="0" timestamp="2024-06-12T12:19:41 IST" skipped="0">
  <testcase classname="Demo.SecondTestClass" name="testMethod2" time="0.001"/>
  <testcase classname="Demo.SecondTestClass" name="testMethod3" time="0.001"/>
  <testcase classname="Demo.SecondTestClass" name="testMethod1" time="0.011"/>
</testsuite> <!-- Demo.SecondTestClass -->
