<?xml version="1.0" encoding="UTF-8"?>
<!-- Generated by org.testng.reporters.JUnitReportReporter -->
<testsuite hostname="DESKTOP-NJ97IE9" failures="0" tests="1" name="Demo.ParametersDemo" time="0.010" errors="0" timestamp="2024-09-09T16:39:54 IST" skipped="0">
  <testcase classname="Demo.ParametersDemo" name="add" time="0.010"/>
</testsuite> <!-- Demo.ParametersDemo -->
