<?xml version="1.0" encoding="UTF-8"?>
<!-- Generated by org.testng.reporters.JUnitReportReporter -->
<testsuite hostname="DESKTOP-NJ97IE9" failures="0" tests="1" name="Demo.SecondTestCase" time="0.009" errors="0" timestamp="2024-08-11T16:33:12 IST" skipped="0">
  <testcase classname="Demo.SecondTestCase" name="testMethod1" time="0.009"/>
</testsuite> <!-- Demo.SecondTestCase -->
