<?xml version="1.0" encoding="UTF-8"?>
<!-- Generated by org.testng.reporters.JUnitReportReporter -->
<testsuite hostname="DESKTOP-NJ97IE9" failures="0" tests="3" name="Demo.TestNGAnnotation" time="0.012" errors="0" timestamp="2024-08-13T17:45:39 IST" skipped="0">
  <testcase classname="Demo.TestNGAnnotation" name="testMethod3" time="0.001"/>
  <testcase classname="Demo.TestNGAnnotation" name="testMethod1" time="0.007"/>
  <testcase classname="Demo.TestNGAnnotation" name="testMethod2" time="0.004"/>
</testsuite> <!-- Demo.TestNGAnnotation -->
