<?xml version="1.0" encoding="UTF-8"?>
<!-- Generated by org.testng.reporters.JUnitReportReporter -->
<testsuite hostname="DESKTOP-NJ97IE9" failures="0" tests="3" name="Demo.Car_loan" time="0.006" errors="0" timestamp="2024-08-22T15:32:44 IST" skipped="0">
  <testcase classname="Demo.Car_loan" name="APILoginCarLoan" time="0.002"/>
  <testcase classname="Demo.Car_loan" name="MobileLoginCarLoan" time="0.003"/>
  <testcase classname="Demo.Car_loan" name="WebLoginCarLoan" time="0.001"/>
</testsuite> <!-- Demo.Car_loan -->
