<?xml version="1.0" encoding="UTF-8"?>
<!-- Generated by org.testng.reporters.JUnitReportReporter -->
<testsuite hostname="DESKTOP-NJ97IE9" failures="0" tests="1" name="ParallelExecution.ChromeTestClass" time="13.520" errors="0" timestamp="2024-09-11T16:26:57 IST" skipped="0">
  <testcase classname="ParallelExecution.ChromeTestClass" name="ChromeTest" time="13.520"/>
</testsuite> <!-- ParallelExecution.ChromeTestClass -->
