<?xml version="1.0" encoding="UTF-8"?>
<!-- Generated by org.testng.reporters.JUnitReportReporter -->
<testsuite hostname="DESKTOP-NJ97IE9" failures="0" tests="3" name="Demo.FirstTestCase" time="0.013" errors="0" timestamp="2024-08-11T16:22:21 IST" skipped="0">
  <testcase classname="Demo.FirstTestCase" name="setup" time="0.010"/>
  <testcase classname="Demo.FirstTestCase" name="login" time="0.001"/>
  <testcase classname="Demo.FirstTestCase" name="close" time="0.002"/>
</testsuite> <!-- Demo.FirstTestCase -->
