<?xml version="1.0" encoding="UTF-8"?>
<!-- Generated by org.testng.reporters.JUnitReportReporter -->
<testsuite hostname="DESKTOP-NJ97IE9" failures="0" tests="3" name="Demo.FirstTestCase" time="0.003" errors="0" timestamp="2024-08-13T17:45:39 IST" skipped="0">
  <testcase classname="Demo.FirstTestCase" name="setup" time="0.001"/>
  <testcase classname="Demo.FirstTestCase" name="login" time="0.001"/>
  <testcase classname="Demo.FirstTestCase" name="close" time="0.001"/>
</testsuite> <!-- Demo.FirstTestCase -->
