<?xml version="1.0" encoding="UTF-8"?>
<!-- Generated by org.testng.reporters.JUnitReportReporter -->
<testsuite hostname="DESKTOP-NJ97IE9" failures="0" tests="2" name="ParallelExecution.ParallelTest" time="9.017" errors="0" timestamp="2024-09-11T16:11:16 IST" skipped="0">
  <testcase classname="ParallelExecution.ParallelTest" name="FireFoxTest" time="6.144"/>
  <testcase classname="ParallelExecution.ParallelTest" name="ChromeTest" time="2.873"/>
</testsuite> <!-- ParallelExecution.ParallelTest -->
