<?xml version="1.0" encoding="UTF-8"?>
<!-- Generated by org.testng.reporters.JUnitReportReporter -->
<testsuite hostname="DESKTOP-NJ97IE9" failures="0" tests="3" name="Demo.Home_loan" time="0.004" errors="0" timestamp="2024-08-22T15:32:44 IST" skipped="0">
  <testcase classname="Demo.Home_loan" name="APILoginHomeLoan" time="0.002"/>
  <testcase classname="Demo.Home_loan" name="WebLoginHomeLoan" time="0.000"/>
  <testcase classname="Demo.Home_loan" name="MobileLoginHomeLoan" time="0.002"/>
</testsuite> <!-- Demo.Home_loan -->
