<?xml version="1.0" encoding="UTF-8"?>
<!-- Generated by org.testng.reporters.JUnitReportReporter -->
<testsuite hostname="DESKTOP-NJ97IE9" failures="0" tests="4" name="Demo.DependsOnGroup" time="0.014" errors="0" timestamp="2024-09-04T12:40:42 IST" skipped="0">
  <testcase classname="Demo.DependsOnGroup" name="groupTestThree" time="0.001"/>
  <testcase classname="Demo.DependsOnGroup" name="groupTestTwo" time="0.001"/>
  <testcase classname="Demo.DependsOnGroup" name="testMethod" time="0.001"/>
  <testcase classname="Demo.DependsOnGroup" name="groupTestOne" time="0.011"/>
</testsuite> <!-- Demo.DependsOnGroup -->
